2022-09-23 19:06:17,923 [Worker-17] INFO  o.e.m.c.i.l.LifecycleMappingFactory - Using org.eclipse.m2e.jdt.JarLifecycleMapping lifecycle mapping for MavenProject: com.X0PA:Recruiter_0.1:0.0.1-SNAPSHOT @ C:\Users\paul\X0PA Workspace\Recruiter_0.1\pom.xml.
2022-09-23 19:06:18,748 [Worker-17] INFO  o.e.m.j.i.AbstractJavaProjectConfigurator - Adding source folder /Recruiter_0.1/src/main/java
2022-09-23 19:06:18,750 [Worker-17] INFO  o.e.m.j.i.AbstractJavaProjectConfigurator - Adding resource folder /Recruiter_0.1/src/main/resources
2022-09-23 19:06:18,751 [Worker-17] INFO  o.e.m.j.i.AbstractJavaProjectConfigurator - Adding source folder /Recruiter_0.1/src/test/java
2022-09-23 19:06:18,751 [Worker-17] INFO  o.e.m.j.i.AbstractJavaProjectConfigurator - Adding resource folder /Recruiter_0.1/src/test/resources
2022-09-23 19:06:21,793 [Worker-19] WARN  o.e.m.c.i.embedder.EclipseLogger - Using platform encoding (Cp1252 actually) to copy filtered resources, i.e. build is platform dependent!
2022-09-23 19:06:21,800 [Worker-19] INFO  o.e.m.c.i.embedder.EclipseLogger - Copying 0 resource
2022-09-23 19:06:21,803 [Worker-19] WARN  o.e.m.c.i.embedder.EclipseLogger - Using platform encoding (Cp1252 actually) to copy filtered resources, i.e. build is platform dependent!
2022-09-23 19:06:21,805 [Worker-19] INFO  o.e.m.c.i.embedder.EclipseLogger - Copying 0 resource
2022-09-23 19:07:29,591 [Worker-17] WARN  o.e.m.c.i.embedder.EclipseLogger - Using platform encoding (Cp1252 actually) to copy filtered resources, i.e. build is platform dependent!
2022-09-23 19:07:29,595 [Worker-17] INFO  o.e.m.c.i.embedder.EclipseLogger - Copying 0 resource
2022-09-23 19:07:29,596 [Worker-17] WARN  o.e.m.c.i.embedder.EclipseLogger - Using platform encoding (Cp1252 actually) to copy filtered resources, i.e. build is platform dependent!
2022-09-23 19:07:29,597 [Worker-17] INFO  o.e.m.c.i.embedder.EclipseLogger - Copying 0 resource
2022-09-23 19:07:41,589 [Worker-21] WARN  o.e.m.c.i.embedder.EclipseLogger - Using platform encoding (Cp1252 actually) to copy filtered resources, i.e. build is platform dependent!
2022-09-23 19:07:41,591 [Worker-21] INFO  o.e.m.c.i.embedder.EclipseLogger - Copying 0 resource
2022-09-23 19:07:41,592 [Worker-21] WARN  o.e.m.c.i.embedder.EclipseLogger - Using platform encoding (Cp1252 actually) to copy filtered resources, i.e. build is platform dependent!
2022-09-23 19:07:41,593 [Worker-21] INFO  o.e.m.c.i.embedder.EclipseLogger - Copying 0 resource
2022-09-24 08:29:30,136 [Worker-47] INFO  o.e.m.c.i.l.LifecycleMappingFactory - Using org.eclipse.m2e.jdt.JarLifecycleMapping lifecycle mapping for MavenProject: com.X0PA:Recruiter_0.1:0.0.1-SNAPSHOT @ C:\Users\paul\X0PA Workspace\Recruiter_0.1\pom.xml.
2022-09-24 08:29:31,206 [Worker-47] WARN  o.e.m.c.i.embedder.EclipseLogger - Using platform encoding (Cp1252 actually) to copy filtered resources, i.e. build is platform dependent!
2022-09-24 08:29:31,209 [Worker-47] INFO  o.e.m.c.i.embedder.EclipseLogger - Copying 0 resource
2022-09-24 08:29:31,212 [Worker-47] WARN  o.e.m.c.i.embedder.EclipseLogger - Using platform encoding (Cp1252 actually) to copy filtered resources, i.e. build is platform dependent!
2022-09-24 08:29:31,213 [Worker-47] INFO  o.e.m.c.i.embedder.EclipseLogger - Copying 0 resource
2022-09-24 08:29:33,398 [Worker-46] WARN  o.e.m.c.i.embedder.EclipseLogger - Using platform encoding (Cp1252 actually) to copy filtered resources, i.e. build is platform dependent!
2022-09-24 08:29:33,400 [Worker-46] INFO  o.e.m.c.i.embedder.EclipseLogger - Copying 0 resource
2022-09-24 08:29:33,401 [Worker-46] WARN  o.e.m.c.i.embedder.EclipseLogger - Using platform encoding (Cp1252 actually) to copy filtered resources, i.e. build is platform dependent!
2022-09-24 08:29:33,402 [Worker-46] INFO  o.e.m.c.i.embedder.EclipseLogger - Copying 0 resource
2022-09-24 08:30:47,816 [Worker-48] WARN  o.e.m.c.i.embedder.EclipseLogger - Using platform encoding (Cp1252 actually) to copy filtered resources, i.e. build is platform dependent!
2022-09-24 08:30:47,818 [Worker-48] INFO  o.e.m.c.i.embedder.EclipseLogger - Copying 0 resource
2022-09-24 08:30:47,819 [Worker-48] WARN  o.e.m.c.i.embedder.EclipseLogger - Using platform encoding (Cp1252 actually) to copy filtered resources, i.e. build is platform dependent!
2022-09-24 08:30:47,820 [Worker-48] INFO  o.e.m.c.i.embedder.EclipseLogger - Copying 0 resource
2022-09-24 08:31:20,731 [Worker-46] WARN  o.e.m.c.i.embedder.EclipseLogger - Using platform encoding (Cp1252 actually) to copy filtered resources, i.e. build is platform dependent!
2022-09-24 08:31:20,734 [Worker-46] INFO  o.e.m.c.i.embedder.EclipseLogger - Copying 0 resource
2022-09-24 08:31:20,736 [Worker-46] WARN  o.e.m.c.i.embedder.EclipseLogger - Using platform encoding (Cp1252 actually) to copy filtered resources, i.e. build is platform dependent!
2022-09-24 08:31:20,737 [Worker-46] INFO  o.e.m.c.i.embedder.EclipseLogger - Copying 0 resource
2022-09-24 08:31:42,649 [Worker-47] WARN  o.e.m.c.i.embedder.EclipseLogger - Using platform encoding (Cp1252 actually) to copy filtered resources, i.e. build is platform dependent!
2022-09-24 08:31:42,653 [Worker-47] INFO  o.e.m.c.i.embedder.EclipseLogger - Copying 0 resource
2022-09-24 08:31:42,654 [Worker-47] WARN  o.e.m.c.i.embedder.EclipseLogger - Using platform encoding (Cp1252 actually) to copy filtered resources, i.e. build is platform dependent!
2022-09-24 08:31:42,656 [Worker-47] INFO  o.e.m.c.i.embedder.EclipseLogger - Copying 0 resource
2022-09-24 08:44:06,654 [Worker-53] WARN  o.e.m.c.i.embedder.EclipseLogger - Using platform encoding (Cp1252 actually) to copy filtered resources, i.e. build is platform dependent!
2022-09-24 08:44:06,656 [Worker-53] INFO  o.e.m.c.i.embedder.EclipseLogger - Copying 0 resource
2022-09-24 08:44:06,658 [Worker-53] WARN  o.e.m.c.i.embedder.EclipseLogger - Using platform encoding (Cp1252 actually) to copy filtered resources, i.e. build is platform dependent!
2022-09-24 08:44:06,660 [Worker-53] INFO  o.e.m.c.i.embedder.EclipseLogger - Copying 0 resource
2022-09-24 11:27:11,718 [Worker-68] WARN  o.e.m.c.i.embedder.EclipseLogger - Using platform encoding (Cp1252 actually) to copy filtered resources, i.e. build is platform dependent!
2022-09-24 11:27:11,728 [Worker-68] INFO  o.e.m.c.i.embedder.EclipseLogger - Copying 0 resource
2022-09-24 11:27:11,730 [Worker-68] WARN  o.e.m.c.i.embedder.EclipseLogger - Using platform encoding (Cp1252 actually) to copy filtered resources, i.e. build is platform dependent!
2022-09-24 11:27:11,732 [Worker-68] INFO  o.e.m.c.i.embedder.EclipseLogger - Copying 0 resource
2022-09-24 11:27:29,797 [Worker-74] WARN  o.e.m.c.i.embedder.EclipseLogger - Using platform encoding (Cp1252 actually) to copy filtered resources, i.e. build is platform dependent!
2022-09-24 11:27:29,799 [Worker-74] INFO  o.e.m.c.i.embedder.EclipseLogger - Copying 0 resource
2022-09-24 11:27:29,800 [Worker-74] WARN  o.e.m.c.i.embedder.EclipseLogger - Using platform encoding (Cp1252 actually) to copy filtered resources, i.e. build is platform dependent!
2022-09-24 11:27:29,802 [Worker-74] INFO  o.e.m.c.i.embedder.EclipseLogger - Copying 0 resource
2022-09-24 11:27:30,900 [Worker-68] WARN  o.e.m.c.i.embedder.EclipseLogger - Using platform encoding (Cp1252 actually) to copy filtered resources, i.e. build is platform dependent!
2022-09-24 11:27:30,901 [Worker-68] INFO  o.e.m.c.i.embedder.EclipseLogger - Copying 0 resource
2022-09-24 11:27:30,902 [Worker-68] WARN  o.e.m.c.i.embedder.EclipseLogger - Using platform encoding (Cp1252 actually) to copy filtered resources, i.e. build is platform dependent!
2022-09-24 11:27:30,903 [Worker-68] INFO  o.e.m.c.i.embedder.EclipseLogger - Copying 0 resource
2022-09-24 11:27:48,086 [Worker-71] WARN  o.e.m.c.i.embedder.EclipseLogger - Using platform encoding (Cp1252 actually) to copy filtered resources, i.e. build is platform dependent!
2022-09-24 11:27:48,087 [Worker-71] INFO  o.e.m.c.i.embedder.EclipseLogger - Copying 0 resource
2022-09-24 11:27:48,089 [Worker-71] WARN  o.e.m.c.i.embedder.EclipseLogger - Using platform encoding (Cp1252 actually) to copy filtered resources, i.e. build is platform dependent!
2022-09-24 11:27:48,091 [Worker-71] INFO  o.e.m.c.i.embedder.EclipseLogger - Copying 0 resource
2022-09-24 11:28:00,451 [Worker-73] WARN  o.e.m.c.i.embedder.EclipseLogger - Using platform encoding (Cp1252 actually) to copy filtered resources, i.e. build is platform dependent!
2022-09-24 11:28:00,453 [Worker-73] INFO  o.e.m.c.i.embedder.EclipseLogger - Copying 0 resource
2022-09-24 11:28:00,454 [Worker-73] WARN  o.e.m.c.i.embedder.EclipseLogger - Using platform encoding (Cp1252 actually) to copy filtered resources, i.e. build is platform dependent!
2022-09-24 11:28:00,456 [Worker-73] INFO  o.e.m.c.i.embedder.EclipseLogger - Copying 0 resource
2022-09-24 11:30:07,408 [Worker-76] WARN  o.e.m.c.i.embedder.EclipseLogger - Using platform encoding (Cp1252 actually) to copy filtered resources, i.e. build is platform dependent!
2022-09-24 11:30:07,409 [Worker-76] INFO  o.e.m.c.i.embedder.EclipseLogger - Copying 0 resource
2022-09-24 11:30:07,410 [Worker-76] WARN  o.e.m.c.i.embedder.EclipseLogger - Using platform encoding (Cp1252 actually) to copy filtered resources, i.e. build is platform dependent!
2022-09-24 11:30:07,411 [Worker-76] INFO  o.e.m.c.i.embedder.EclipseLogger - Copying 0 resource
2022-09-24 11:30:35,132 [Worker-71] WARN  o.e.m.c.i.embedder.EclipseLogger - Using platform encoding (Cp1252 actually) to copy filtered resources, i.e. build is platform dependent!
2022-09-24 11:30:35,133 [Worker-71] INFO  o.e.m.c.i.embedder.EclipseLogger - Copying 0 resource
2022-09-24 11:30:35,136 [Worker-71] WARN  o.e.m.c.i.embedder.EclipseLogger - Using platform encoding (Cp1252 actually) to copy filtered resources, i.e. build is platform dependent!
2022-09-24 11:30:35,142 [Worker-71] INFO  o.e.m.c.i.embedder.EclipseLogger - Copying 0 resource
2022-09-24 11:32:03,451 [Worker-73] WARN  o.e.r.models.ModelRepository - Failed to download org.eclipse.recommenders:index::zip:0.0.0
org.eclipse.aether.resolution.ArtifactResolutionException: Could not find artifact org.eclipse.recommenders:index:zip:0.0.0-SNAPSHOT in models (http://download.eclipse.org/recommenders/models/mars/)
	at org.eclipse.aether.internal.impl.DefaultArtifactResolver.resolve(DefaultArtifactResolver.java:444) ~[na:na]
	at org.eclipse.aether.internal.impl.DefaultArtifactResolver.resolveArtifacts(DefaultArtifactResolver.java:246) ~[na:na]
	at org.eclipse.aether.internal.impl.DefaultArtifactResolver.resolveArtifact(DefaultArtifactResolver.java:223) ~[na:na]
	at org.eclipse.aether.internal.impl.DefaultRepositorySystem.resolveArtifact(DefaultRepositorySystem.java:294) ~[na:na]
	at org.eclipse.recommenders.models.ModelRepository.resolveInternal(ModelRepository.java:192) ~[na:na]
	at org.eclipse.recommenders.models.ModelRepository.resolve(ModelRepository.java:174) ~[na:na]
	at org.eclipse.recommenders.internal.models.rcp.EclipseModelRepository.resolve(EclipseModelRepository.java:165) ~[na:na]
	at org.eclipse.recommenders.internal.models.rcp.DownloadModelArchiveJob.run(DownloadModelArchiveJob.java:76) ~[na:na]
	at org.eclipse.core.internal.jobs.Worker.run(Worker.java:55) ~[org.eclipse.core.jobs_3.7.0.v20150330-2103.jar:na]
Caused by: org.eclipse.aether.transfer.ArtifactNotFoundException: Could not find artifact org.eclipse.recommenders:index:zip:0.0.0-SNAPSHOT in models (http://download.eclipse.org/recommenders/models/mars/)
	at org.eclipse.aether.connector.basic.ArtifactTransportListener.transferFailed(ArtifactTransportListener.java:39) ~[na:na]
	at org.eclipse.aether.connector.basic.BasicRepositoryConnector$TaskRunner.run(BasicRepositoryConnector.java:355) ~[na:na]
	at org.eclipse.aether.util.concurrency.RunnableErrorForwarder$1.run(RunnableErrorForwarder.java:67) ~[na:na]
	at org.eclipse.aether.connector.basic.BasicRepositoryConnector$DirectExecutor.execute(BasicRepositoryConnector.java:581) ~[na:na]
	at org.eclipse.aether.connector.basic.BasicRepositoryConnector.get(BasicRepositoryConnector.java:249) ~[na:na]
	at org.eclipse.aether.internal.impl.DefaultArtifactResolver.performDownloads(DefaultArtifactResolver.java:520) ~[na:na]
	at org.eclipse.aether.internal.impl.DefaultArtifactResolver.resolve(DefaultArtifactResolver.java:421) ~[na:na]
	... 8 common frames omitted
2022-09-24 11:33:39,531 [Worker-71] WARN  o.e.m.c.i.embedder.EclipseLogger - Using platform encoding (Cp1252 actually) to copy filtered resources, i.e. build is platform dependent!
2022-09-24 11:33:39,532 [Worker-71] INFO  o.e.m.c.i.embedder.EclipseLogger - Copying 0 resource
2022-09-24 11:33:39,534 [Worker-71] WARN  o.e.m.c.i.embedder.EclipseLogger - Using platform encoding (Cp1252 actually) to copy filtered resources, i.e. build is platform dependent!
2022-09-24 11:33:39,535 [Worker-71] INFO  o.e.m.c.i.embedder.EclipseLogger - Copying 0 resource
2022-09-24 11:40:17,353 [Worker-80] WARN  o.e.m.c.i.embedder.EclipseLogger - Using platform encoding (Cp1252 actually) to copy filtered resources, i.e. build is platform dependent!
2022-09-24 11:40:17,353 [Worker-80] INFO  o.e.m.c.i.embedder.EclipseLogger - Copying 0 resource
2022-09-24 11:40:17,354 [Worker-80] WARN  o.e.m.c.i.embedder.EclipseLogger - Using platform encoding (Cp1252 actually) to copy filtered resources, i.e. build is platform dependent!
2022-09-24 11:40:17,356 [Worker-80] INFO  o.e.m.c.i.embedder.EclipseLogger - Copying 0 resource
2022-09-24 11:41:19,463 [Worker-80] WARN  o.e.m.c.i.embedder.EclipseLogger - Using platform encoding (Cp1252 actually) to copy filtered resources, i.e. build is platform dependent!
2022-09-24 11:41:19,464 [Worker-80] INFO  o.e.m.c.i.embedder.EclipseLogger - Copying 0 resource
2022-09-24 11:41:19,466 [Worker-80] WARN  o.e.m.c.i.embedder.EclipseLogger - Using platform encoding (Cp1252 actually) to copy filtered resources, i.e. build is platform dependent!
2022-09-24 11:41:19,467 [Worker-80] INFO  o.e.m.c.i.embedder.EclipseLogger - Copying 0 resource
2022-09-24 13:19:01,618 [Worker-78] WARN  o.e.m.c.i.embedder.EclipseLogger - Using platform encoding (Cp1252 actually) to copy filtered resources, i.e. build is platform dependent!
2022-09-24 13:19:01,621 [Worker-78] INFO  o.e.m.c.i.embedder.EclipseLogger - Copying 0 resource
2022-09-24 13:19:01,622 [Worker-78] WARN  o.e.m.c.i.embedder.EclipseLogger - Using platform encoding (Cp1252 actually) to copy filtered resources, i.e. build is platform dependent!
2022-09-24 13:19:01,624 [Worker-78] INFO  o.e.m.c.i.embedder.EclipseLogger - Copying 0 resource
2022-09-24 13:33:26,805 [Worker-86] WARN  o.e.m.c.i.embedder.EclipseLogger - Using platform encoding (Cp1252 actually) to copy filtered resources, i.e. build is platform dependent!
2022-09-24 13:33:26,809 [Worker-86] INFO  o.e.m.c.i.embedder.EclipseLogger - Copying 0 resource
2022-09-24 13:33:26,811 [Worker-86] WARN  o.e.m.c.i.embedder.EclipseLogger - Using platform encoding (Cp1252 actually) to copy filtered resources, i.e. build is platform dependent!
2022-09-24 13:33:26,813 [Worker-86] INFO  o.e.m.c.i.embedder.EclipseLogger - Copying 0 resource
2022-09-24 13:44:49,198 [Worker-87] WARN  o.e.m.c.i.embedder.EclipseLogger - Using platform encoding (Cp1252 actually) to copy filtered resources, i.e. build is platform dependent!
2022-09-24 13:44:49,199 [Worker-87] INFO  o.e.m.c.i.embedder.EclipseLogger - Copying 0 resource
2022-09-24 13:44:49,201 [Worker-87] WARN  o.e.m.c.i.embedder.EclipseLogger - Using platform encoding (Cp1252 actually) to copy filtered resources, i.e. build is platform dependent!
2022-09-24 13:44:49,202 [Worker-87] INFO  o.e.m.c.i.embedder.EclipseLogger - Copying 0 resource
2022-09-24 13:45:43,289 [Worker-87] WARN  o.e.m.c.i.embedder.EclipseLogger - Using platform encoding (Cp1252 actually) to copy filtered resources, i.e. build is platform dependent!
2022-09-24 13:45:43,291 [Worker-87] INFO  o.e.m.c.i.embedder.EclipseLogger - Copying 0 resource
2022-09-24 13:45:43,293 [Worker-87] WARN  o.e.m.c.i.embedder.EclipseLogger - Using platform encoding (Cp1252 actually) to copy filtered resources, i.e. build is platform dependent!
2022-09-24 13:45:43,295 [Worker-87] INFO  o.e.m.c.i.embedder.EclipseLogger - Copying 0 resource
2022-09-24 13:59:32,535 [Worker-96] WARN  o.e.m.c.i.embedder.EclipseLogger - Using platform encoding (Cp1252 actually) to copy filtered resources, i.e. build is platform dependent!
2022-09-24 13:59:32,537 [Worker-96] INFO  o.e.m.c.i.embedder.EclipseLogger - Copying 0 resource
2022-09-24 13:59:32,538 [Worker-96] WARN  o.e.m.c.i.embedder.EclipseLogger - Using platform encoding (Cp1252 actually) to copy filtered resources, i.e. build is platform dependent!
2022-09-24 13:59:32,540 [Worker-96] INFO  o.e.m.c.i.embedder.EclipseLogger - Copying 0 resource
2022-09-24 14:01:29,540 [Worker-98] WARN  o.e.m.c.i.embedder.EclipseLogger - Using platform encoding (Cp1252 actually) to copy filtered resources, i.e. build is platform dependent!
2022-09-24 14:01:29,542 [Worker-98] INFO  o.e.m.c.i.embedder.EclipseLogger - Copying 0 resource
2022-09-24 14:01:29,543 [Worker-98] WARN  o.e.m.c.i.embedder.EclipseLogger - Using platform encoding (Cp1252 actually) to copy filtered resources, i.e. build is platform dependent!
2022-09-24 14:01:29,546 [Worker-98] INFO  o.e.m.c.i.embedder.EclipseLogger - Copying 0 resource
2022-09-24 14:05:06,417 [Worker-103] WARN  o.e.m.c.i.embedder.EclipseLogger - Using platform encoding (Cp1252 actually) to copy filtered resources, i.e. build is platform dependent!
2022-09-24 14:05:06,418 [Worker-103] INFO  o.e.m.c.i.embedder.EclipseLogger - Copying 0 resource
2022-09-24 14:05:06,419 [Worker-103] WARN  o.e.m.c.i.embedder.EclipseLogger - Using platform encoding (Cp1252 actually) to copy filtered resources, i.e. build is platform dependent!
2022-09-24 14:05:06,421 [Worker-103] INFO  o.e.m.c.i.embedder.EclipseLogger - Copying 0 resource
2022-09-24 14:08:50,110 [Worker-102] WARN  o.e.m.c.i.embedder.EclipseLogger - Using platform encoding (Cp1252 actually) to copy filtered resources, i.e. build is platform dependent!
2022-09-24 14:08:50,111 [Worker-102] INFO  o.e.m.c.i.embedder.EclipseLogger - Copying 0 resource
2022-09-24 14:08:50,113 [Worker-102] WARN  o.e.m.c.i.embedder.EclipseLogger - Using platform encoding (Cp1252 actually) to copy filtered resources, i.e. build is platform dependent!
2022-09-24 14:08:50,115 [Worker-102] INFO  o.e.m.c.i.embedder.EclipseLogger - Copying 0 resource
2022-09-24 14:15:51,452 [Worker-102] WARN  o.e.m.c.i.embedder.EclipseLogger - Using platform encoding (Cp1252 actually) to copy filtered resources, i.e. build is platform dependent!
2022-09-24 14:15:51,454 [Worker-102] INFO  o.e.m.c.i.embedder.EclipseLogger - Copying 0 resource
2022-09-24 14:15:51,455 [Worker-102] WARN  o.e.m.c.i.embedder.EclipseLogger - Using platform encoding (Cp1252 actually) to copy filtered resources, i.e. build is platform dependent!
2022-09-24 14:15:51,456 [Worker-102] INFO  o.e.m.c.i.embedder.EclipseLogger - Copying 0 resource
2022-09-24 14:20:52,469 [Worker-108] WARN  o.e.m.c.i.embedder.EclipseLogger - Using platform encoding (Cp1252 actually) to copy filtered resources, i.e. build is platform dependent!
2022-09-24 14:20:52,471 [Worker-108] INFO  o.e.m.c.i.embedder.EclipseLogger - Copying 0 resource
2022-09-24 14:20:52,472 [Worker-108] WARN  o.e.m.c.i.embedder.EclipseLogger - Using platform encoding (Cp1252 actually) to copy filtered resources, i.e. build is platform dependent!
2022-09-24 14:20:52,473 [Worker-108] INFO  o.e.m.c.i.embedder.EclipseLogger - Copying 0 resource
2022-09-24 14:34:57,174 [Worker-111] WARN  o.e.m.c.i.embedder.EclipseLogger - Using platform encoding (Cp1252 actually) to copy filtered resources, i.e. build is platform dependent!
2022-09-24 14:34:57,176 [Worker-111] INFO  o.e.m.c.i.embedder.EclipseLogger - Copying 0 resource
2022-09-24 14:34:57,178 [Worker-111] WARN  o.e.m.c.i.embedder.EclipseLogger - Using platform encoding (Cp1252 actually) to copy filtered resources, i.e. build is platform dependent!
2022-09-24 14:34:57,180 [Worker-111] INFO  o.e.m.c.i.embedder.EclipseLogger - Copying 0 resource
2022-09-24 14:40:51,828 [Worker-111] WARN  o.e.m.c.i.embedder.EclipseLogger - Using platform encoding (Cp1252 actually) to copy filtered resources, i.e. build is platform dependent!
2022-09-24 14:40:51,892 [Worker-111] INFO  o.e.m.c.i.embedder.EclipseLogger - Copying 0 resource
2022-09-24 14:40:51,894 [Worker-111] WARN  o.e.m.c.i.embedder.EclipseLogger - Using platform encoding (Cp1252 actually) to copy filtered resources, i.e. build is platform dependent!
2022-09-24 14:40:51,895 [Worker-111] INFO  o.e.m.c.i.embedder.EclipseLogger - Copying 0 resource
2022-09-24 14:40:59,227 [Worker-107] WARN  o.e.m.c.i.embedder.EclipseLogger - Using platform encoding (Cp1252 actually) to copy filtered resources, i.e. build is platform dependent!
2022-09-24 14:40:59,229 [Worker-107] INFO  o.e.m.c.i.embedder.EclipseLogger - Copying 0 resource
2022-09-24 14:40:59,230 [Worker-107] WARN  o.e.m.c.i.embedder.EclipseLogger - Using platform encoding (Cp1252 actually) to copy filtered resources, i.e. build is platform dependent!
2022-09-24 14:40:59,232 [Worker-107] INFO  o.e.m.c.i.embedder.EclipseLogger - Copying 0 resource
2022-09-24 14:44:33,348 [Worker-117] WARN  o.e.m.c.i.embedder.EclipseLogger - Using platform encoding (Cp1252 actually) to copy filtered resources, i.e. build is platform dependent!
2022-09-24 14:44:33,352 [Worker-117] INFO  o.e.m.c.i.embedder.EclipseLogger - Copying 0 resource
2022-09-24 14:44:33,356 [Worker-117] WARN  o.e.m.c.i.embedder.EclipseLogger - Using platform encoding (Cp1252 actually) to copy filtered resources, i.e. build is platform dependent!
2022-09-24 14:44:33,359 [Worker-117] INFO  o.e.m.c.i.embedder.EclipseLogger - Copying 0 resource
2022-09-24 14:44:49,245 [Worker-119] WARN  o.e.m.c.i.embedder.EclipseLogger - Using platform encoding (Cp1252 actually) to copy filtered resources, i.e. build is platform dependent!
2022-09-24 14:44:49,249 [Worker-119] INFO  o.e.m.c.i.embedder.EclipseLogger - Copying 0 resource
2022-09-24 14:44:49,251 [Worker-119] WARN  o.e.m.c.i.embedder.EclipseLogger - Using platform encoding (Cp1252 actually) to copy filtered resources, i.e. build is platform dependent!
2022-09-24 14:44:49,254 [Worker-119] INFO  o.e.m.c.i.embedder.EclipseLogger - Copying 0 resource
2022-09-24 14:45:06,935 [Worker-116] WARN  o.e.m.c.i.embedder.EclipseLogger - Using platform encoding (Cp1252 actually) to copy filtered resources, i.e. build is platform dependent!
2022-09-24 14:45:06,938 [Worker-116] INFO  o.e.m.c.i.embedder.EclipseLogger - Copying 0 resource
2022-09-24 14:45:06,943 [Worker-116] WARN  o.e.m.c.i.embedder.EclipseLogger - Using platform encoding (Cp1252 actually) to copy filtered resources, i.e. build is platform dependent!
2022-09-24 14:45:06,945 [Worker-116] INFO  o.e.m.c.i.embedder.EclipseLogger - Copying 0 resource
2022-09-24 14:46:17,306 [Worker-120] WARN  o.e.m.c.i.embedder.EclipseLogger - Using platform encoding (Cp1252 actually) to copy filtered resources, i.e. build is platform dependent!
2022-09-24 14:46:17,308 [Worker-120] INFO  o.e.m.c.i.embedder.EclipseLogger - Copying 0 resource
2022-09-24 14:46:17,310 [Worker-120] WARN  o.e.m.c.i.embedder.EclipseLogger - Using platform encoding (Cp1252 actually) to copy filtered resources, i.e. build is platform dependent!
2022-09-24 14:46:17,312 [Worker-120] INFO  o.e.m.c.i.embedder.EclipseLogger - Copying 0 resource
2022-09-24 14:46:39,333 [Worker-119] WARN  o.e.m.c.i.embedder.EclipseLogger - Using platform encoding (Cp1252 actually) to copy filtered resources, i.e. build is platform dependent!
2022-09-24 14:46:39,336 [Worker-119] INFO  o.e.m.c.i.embedder.EclipseLogger - Copying 0 resource
2022-09-24 14:46:39,340 [Worker-119] WARN  o.e.m.c.i.embedder.EclipseLogger - Using platform encoding (Cp1252 actually) to copy filtered resources, i.e. build is platform dependent!
2022-09-24 14:46:39,343 [Worker-119] INFO  o.e.m.c.i.embedder.EclipseLogger - Copying 0 resource
2022-09-24 14:55:46,022 [Worker-124] WARN  o.e.m.c.i.embedder.EclipseLogger - Using platform encoding (Cp1252 actually) to copy filtered resources, i.e. build is platform dependent!
2022-09-24 14:55:46,024 [Worker-124] INFO  o.e.m.c.i.embedder.EclipseLogger - Copying 0 resource
2022-09-24 14:55:46,026 [Worker-124] WARN  o.e.m.c.i.embedder.EclipseLogger - Using platform encoding (Cp1252 actually) to copy filtered resources, i.e. build is platform dependent!
2022-09-24 14:55:46,028 [Worker-124] INFO  o.e.m.c.i.embedder.EclipseLogger - Copying 0 resource
2022-09-24 14:58:53,170 [Worker-123] WARN  o.e.m.c.i.embedder.EclipseLogger - Using platform encoding (Cp1252 actually) to copy filtered resources, i.e. build is platform dependent!
2022-09-24 14:58:53,171 [Worker-123] INFO  o.e.m.c.i.embedder.EclipseLogger - Copying 0 resource
2022-09-24 14:58:53,172 [Worker-123] WARN  o.e.m.c.i.embedder.EclipseLogger - Using platform encoding (Cp1252 actually) to copy filtered resources, i.e. build is platform dependent!
2022-09-24 14:58:53,174 [Worker-123] INFO  o.e.m.c.i.embedder.EclipseLogger - Copying 0 resource
2022-09-24 15:01:59,442 [Worker-123] WARN  o.e.m.c.i.embedder.EclipseLogger - Using platform encoding (Cp1252 actually) to copy filtered resources, i.e. build is platform dependent!
2022-09-24 15:01:59,446 [Worker-123] INFO  o.e.m.c.i.embedder.EclipseLogger - Copying 0 resource
2022-09-24 15:01:59,448 [Worker-123] WARN  o.e.m.c.i.embedder.EclipseLogger - Using platform encoding (Cp1252 actually) to copy filtered resources, i.e. build is platform dependent!
2022-09-24 15:01:59,450 [Worker-123] INFO  o.e.m.c.i.embedder.EclipseLogger - Copying 0 resource
